<?xml version="1.0" encoding="UTF-8"?>
<!-- Generated by org.testng.reporters.JUnitXMLReporter -->
<testsuite hostname="DESKTOP-F1LV6KC" failures="0" tests="3" name="Command line test" time="105.915" errors="0" timestamp="20 Jan 2024 04:57:47 GMT">
  <testcase classname="test.com.SearchTestNGTest" name="testTCSearchVaildItems" time="53.301"/>
  <testcase classname="test.com.SearchTestNGTest" name="testSuggested" time="27.302"/>
  <testcase classname="test.com.SearchTestNGTest" name="testUntitledTestCase" time="20.372"/>
</testsuite> <!-- Command line test -->
